<?xml version="1.0" encoding="UTF-8"?>
<!-- Generated by org.testng.reporters.JUnitReportReporter -->
<testsuite skipped="0" hostname="SIPL155" name="com.crm.testcases.ViewActivitiesPageTest" tests="1" failures="0" timestamp="01 Jul 2019 10:00:21 GMT" time="12.755" errors="0">
  <testcase name="clickViewActivitiesLinkTest" time="12.755" classname="com.crm.testcases.ViewActivitiesPageTest"/>
</testsuite> <!-- com.crm.testcases.ViewActivitiesPageTest -->
