<?xml version="1.0" encoding="UTF-8"?>
<!-- Generated by org.testng.reporters.JUnitReportReporter -->
<testsuite skipped="0" hostname="SIPL155" name="com.crm.testcases.CampaignPageTest" tests="3" failures="0" timestamp="01 Jul 2019 10:00:21 GMT" time="5.598" errors="0">
  <testcase name="clickCampaignLinkTest" time="0.584" classname="com.crm.testcases.CampaignPageTest"/>
  <testcase name="validateCreateCampaign" time="0.576" classname="com.crm.testcases.CampaignPageTest"/>
  <testcase name="searchCampaignTest" time="4.438" classname="com.crm.testcases.CampaignPageTest"/>
</testsuite> <!-- com.crm.testcases.CampaignPageTest -->
