<?xml version="1.0" encoding="UTF-8"?>
<!-- Generated by org.testng.reporters.JUnitReportReporter -->
<testsuite skipped="0" hostname="SIPL155" name="com.crm.testcases.LoginPageTest" tests="1" failures="0" timestamp="01 Jul 2019 10:00:21 GMT" time="1.394" errors="0">
  <testcase name="testLogin" time="1.394" classname="com.crm.testcases.LoginPageTest"/>
</testsuite> <!-- com.crm.testcases.LoginPageTest -->
