<?xml version="1.0" encoding="UTF-8"?>
<!-- Generated by org.testng.reporters.JUnitReportReporter -->
<testsuite skipped="0" hostname="SIPL155" name="com.crm.testcases.LogoutTest" tests="1" failures="0" timestamp="21 Jun 2019 04:29:52 GMT" time="5.525" errors="0">
  <testcase name="TestLogout" time="5.525" classname="com.crm.testcases.LogoutTest"/>
</testsuite> <!-- com.crm.testcases.LogoutTest -->
